TFBind8-Exact-v0
Namespace(Tmax=200, gamma=0.0, interval=200, label=10.0, mode='grad', outer_lr=0.1, task='TFBind8-Exact-v0', topk=128)
weights 3.0396985e-05 3.0396985e-05
Before  max 0.439296156167984 median 0.4389611482620239

INFO:absl:Unable to initialize backend 'tpu_driver': NOT_FOUND: Unable to find driver in registry given worker: 
INFO:absl:Unable to initialize backend 'gpu': NOT_FOUND: Could not find registered platform with name: "cuda". Available platform names are: Host Interpreter
INFO:absl:Unable to initialize backend 'tpu': INVALID_ARGUMENT: TpuPlatform is not available.
WARNING:absl:No GPU/TPU found, falling back to CPU. (Set TF_CPP_MIN_LOG_LEVEL=0 and rerun for more info.)
Data 0 train loss 3.499863213664514e-08 score before 0.4385952353477478 score now 0.588927149772644
Data 1 train loss 2.496691960581271e-08 score before 0.4385952353477478 score now 0.6370242834091187
Data 2 train loss 2.150601008802794e-08 score before 0.43860554695129395 score now 0.9247000217437744
Data 3 train loss 1.5808982951085975e-07 score before 0.43860554695129395 score now 0.7698532342910767
Data 4 train loss 3.9809715807602103e-08 score before 0.43860554695129395 score now 0.6995217204093933
Data 5 train loss 1.2437324129509857e-07 score before 0.43860554695129395 score now 0.8351028561592102
Data 6 train loss 4.6569281558230374e-07 score before 0.4386158287525177 score now 0.5814435482025146
Data 7 train loss 3.4508551851147727e-07 score before 0.4386158287525177 score now 0.5187296271324158
Data 8 train loss 3.1253450363699856e-07 score before 0.4386158287525177 score now 0.5814435482025146
Data 9 train loss 1.423499470416134e-07 score before 0.4386158287525177 score now 0.7355893850326538
Data 10 train loss 2.560611272133048e-07 score before 0.43862614035606384 score now 0.6465798020362854
Data 11 train loss 2.895654056430419e-07 score before 0.43862614035606384 score now 0.8179194331169128
Data 12 train loss 6.916185836755316e-08 score before 0.43864676356315613 score now 0.41816475987434387
Data 13 train loss 3.0616413905310324e-10 score before 0.43864676356315613 score now 0.7770997285842896
Data 14 train loss 1.587106657204009e-10 score before 0.43865707516670227 score now 0.5578691363334656
Data 15 train loss 2.3459393252104648e-08 score before 0.43865707516670227 score now 0.7304560542106628
Data 16 train loss 7.079829534346152e-08 score before 0.43867769837379456 score now 0.8202490210533142
Data 17 train loss 5.652561963749244e-08 score before 0.43867769837379456 score now 0.43867769837379456
Data 18 train loss 1.0228142640289706e-07 score before 0.43867769837379456 score now 0.8310518264770508
Data 19 train loss 4.980913222929009e-10 score before 0.43867769837379456 score now 0.7448769211769104
Data 20 train loss 8.569205441720928e-07 score before 0.43869829177856445 score now 0.4562115967273712
Data 21 train loss 7.787249595235406e-09 score before 0.43869829177856445 score now 0.5101431012153625
Data 22 train loss 0.022338592496636132 score before 0.4387086033821106 score now 0.4387086033821106
Data 23 train loss 2.852205020091451e-07 score before 0.4387086033821106 score now 0.7951181530952454
Data 24 train loss 3.051147263965899e-08 score before 0.4387292265892029 score now 0.7370737791061401
Data 25 train loss 2.871174601260357e-09 score before 0.4387292265892029 score now 0.42627716064453125
Data 26 train loss 2.922216404273625e-07 score before 0.438739538192749 score now 0.5618789196014404
Data 27 train loss 2.922216404273625e-07 score before 0.438739538192749 score now 0.5618789196014404
Data 28 train loss 5.095691389348359e-07 score before 0.43877047300338745 score now 0.5028038024902344
Data 29 train loss 1.71397182683559e-07 score before 0.43877047300338745 score now 0.5386962294578552
Data 30 train loss 3.2919228042999464e-07 score before 0.4387807548046112 score now 0.843019425868988
Data 31 train loss 1.0518486183012314e-07 score before 0.4387807548046112 score now 0.6081412434577942
Data 32 train loss 9.563309884665515e-08 score before 0.4387807548046112 score now 0.33539149165153503
Data 33 train loss 9.546243245871583e-09 score before 0.4387807548046112 score now 0.4983403980731964
Data 34 train loss 1.2528890342915693e-08 score before 0.43881168961524963 score now 0.5466952323913574
Data 35 train loss 5.62093985236741e-08 score before 0.43881168961524963 score now 0.6020698547363281
Data 36 train loss 1.5910790334640616e-07 score before 0.4388323128223419 score now 0.6313858032226562
Data 37 train loss 1.460151011543604e-07 score before 0.4388323128223419 score now 0.4413990080356598
Data 38 train loss 7.515821525947417e-07 score before 0.43884262442588806 score now 0.6822145581245422
Data 39 train loss 1.0145206887189911e-08 score before 0.43884262442588806 score now 0.6430544853210449
Data 40 train loss 5.64239832920589e-09 score before 0.43884262442588806 score now 0.45212963223457336
Data 41 train loss 1.3315702054072412e-09 score before 0.43884262442588806 score now 0.7770997285842896
Data 42 train loss 5.234477996884832e-08 score before 0.43884262442588806 score now 0.7647095322608948
Data 43 train loss 1.9570526274729168 score before 0.43884262442588806 score now 0.43884262442588806
Data 44 train loss 3.6930375602631924e-07 score before 0.4388735294342041 score now 0.3836226463317871
Data 45 train loss 0.0323726694343057 score before 0.4388735294342041 score now 0.4388735294342041
Data 46 train loss 7.00599587595632e-08 score before 0.4388735294342041 score now 0.5349234938621521
Data 47 train loss 7.180587628775247e-08 score before 0.4388735294342041 score now 0.49963921308517456
Data 48 train loss 6.461252006531674e-08 score before 0.43888384103775024 score now 0.6891827583312988
Data 49 train loss 5.288648777621232e-08 score before 0.43888384103775024 score now 0.5526430010795593
Data 50 train loss 3.080913429703104e-08 score before 0.43888384103775024 score now 0.47013771533966064
Data 51 train loss 2.515385393581723e-10 score before 0.43888384103775024 score now 0.6145116090774536
Data 52 train loss 2.6201442240927836e-06 score before 0.4388941526412964 score now 0.4388941526412964
Data 53 train loss 8.466246531316418e-09 score before 0.4388941526412964 score now 0.41704118251800537
Data 54 train loss 6.077031214911409e-09 score before 0.4388941526412964 score now 0.8086422085762024
Data 55 train loss 1.9283415270012508e-07 score before 0.4388941526412964 score now 0.6239022016525269
Data 56 train loss 6.116885939531409e-08 score before 0.43890446424484253 score now 0.7647095322608948
Data 57 train loss 6.752332586302021e-08 score before 0.43890446424484253 score now 0.7972518801689148
Data 58 train loss 7.785580827320146e-10 score before 0.4389250874519348 score now 0.5430359244346619
Data 59 train loss 7.68906466879903e-09 score before 0.4389250874519348 score now 0.4148249626159668
Data 60 train loss 0.04317233658243095 score before 0.4389457106590271 score now 0.4389457106590271
Data 61 train loss 0.01704727981750695 score before 0.4389457106590271 score now 0.4389457106590271
Data 62 train loss 5.4413604794607934e-08 score before 0.43895599246025085 score now 0.8311548829078674
Data 63 train loss 1.910593813406461e-08 score before 0.43895599246025085 score now 0.533470094203949
Data 64 train loss 6.6523280359264e-08 score before 0.438966304063797 score now 0.7647095322608948
Data 65 train loss 4.641560678642753 score before 0.438966304063797 score now 0.438966304063797
Data 66 train loss 1.0341642365084953 score before 0.438966304063797 score now 0.438966304063797
Data 67 train loss 1.0596912571678274e-07 score before 0.438966304063797 score now 0.6995217204093933
Data 68 train loss 4.7799489183516475e-08 score before 0.43897661566734314 score now 0.6165216565132141
Data 69 train loss 4.061788388527602e-08 score before 0.43897661566734314 score now 0.6165216565132141
Data 70 train loss 2.501161759059398e-08 score before 0.43900755047798157 score now 0.6831423044204712
Data 71 train loss 1.3441319427686766e-07 score before 0.43900755047798157 score now 0.94124436378479
Data 72 train loss 1.1138657879327608e-07 score before 0.43902817368507385 score now 0.583041250705719
Data 73 train loss 7.282166133510069e-09 score before 0.43902817368507385 score now 0.8086422085762024
Data 74 train loss 6.099458568190078e-08 score before 0.43902817368507385 score now 0.43902817368507385
Data 75 train loss 5.447821938979149e-08 score before 0.43902817368507385 score now 0.5404382944107056
Data 76 train loss 9.912874406939178e-08 score before 0.43902817368507385 score now 0.5533233284950256
Data 77 train loss 4.198128835973557e-08 score before 0.43902817368507385 score now 0.5947099328041077
Data 78 train loss 1.2136766709330106e-07 score before 0.4390384554862976 score now 0.8173112869262695
Data 79 train loss 3.6320052200315557e-09 score before 0.4390384554862976 score now 0.5316146612167358
Data 80 train loss 2.278607507861041e-08 score before 0.43906939029693604 score now 0.4360388517379761
Data 81 train loss 5.2741247044983774e-08 score before 0.43906939029693604 score now 0.7270131707191467
Data 82 train loss 3.8986961529770564e-08 score before 0.43906939029693604 score now 0.4360388517379761
Data 83 train loss 0.055578116792960874 score before 0.43906939029693604 score now 0.43906939029693604
Data 84 train loss 1.3500333545851022e-07 score before 0.43910032510757446 score now 0.6769471764564514
Data 85 train loss 2.964106560896135e-08 score before 0.43910032510757446 score now 0.5246670246124268
Data 86 train loss 6.801751736881667e-11 score before 0.43912094831466675 score now 0.8204655051231384
Data 87 train loss 7.552872115266557e-08 score before 0.43912094831466675 score now 0.8678823113441467
Data 88 train loss 7.418381703212765e-08 score before 0.4391312301158905 score now 0.6838020086288452
Data 89 train loss 2.328948723216502e-07 score before 0.4391312301158905 score now 0.4002494513988495
Data 90 train loss 3.3911722096961096e-08 score before 0.4391312301158905 score now 0.7770997285842896
Data 91 train loss 1.3429647774609135e-07 score before 0.4391312301158905 score now 0.8322063088417053
Data 92 train loss 7.996782472384042e-08 score before 0.4391312301158905 score now 0.8687791228294373
Data 93 train loss 1.327735466988157e-07 score before 0.4391312301158905 score now 0.7505978345870972
Data 94 train loss 3.16584372824382e-07 score before 0.4391312301158905 score now 0.607265055179596
Data 95 train loss 2.0562497621473647e-07 score before 0.4391312301158905 score now 0.6864099502563477
Data 96 train loss 2.2655312481579806e-07 score before 0.43914154171943665 score now 0.44765594601631165
Data 97 train loss 1.3484473656371259e-07 score before 0.43914154171943665 score now 0.9208139181137085
Data 98 train loss 5.2648471078393525e-08 score before 0.4391518533229828 score now 0.3987753987312317
Data 99 train loss 5.22586808249921e-08 score before 0.4391518533229828 score now 0.5094112157821655
Data 100 train loss 3.2552933587714584e-09 score before 0.4391518533229828 score now 0.5914010405540466
Data 101 train loss 9.485637439452522e-10 score before 0.4391518533229828 score now 0.5215746760368347
Data 102 train loss 7.169160649818822e-08 score before 0.4391518533229828 score now 0.41439202427864075
Data 103 train loss 2.732213069001179e-08 score before 0.4391518533229828 score now 0.41439202427864075
Data 104 train loss 6.561594377960446e-07 score before 0.43916216492652893 score now 0.7736877799034119
Data 105 train loss 8.282226431103529e-08 score before 0.43916216492652893 score now 0.7881705164909363
Data 106 train loss 1.3386132500030533e-09 score before 0.4391827881336212 score now 0.5785160660743713
Data 107 train loss 8.466864962334007e-08 score before 0.4391827881336212 score now 0.6409103870391846
Data 108 train loss 1.0589711376696453e-08 score before 0.43919309973716736 score now 0.9208139181137085
Data 109 train loss 3.6009967260817726e-08 score before 0.43919309973716736 score now 0.932925820350647
Data 110 train loss 5.36719494271658e-08 score before 0.4392034113407135 score now 0.8935595750808716
Data 111 train loss 4.6794807841072884e-08 score before 0.4392034113407135 score now 0.8741186857223511
Data 112 train loss 2.4712383128104797e-10 score before 0.4392034113407135 score now 0.6996866464614868
Data 113 train loss 2.288980360981186e-09 score before 0.4392034113407135 score now 0.6683605909347534
Data 114 train loss 7.477805397434896e-08 score before 0.43921369314193726 score now 0.9734362959861755
Data 115 train loss 1.3953518373275015e-09 score before 0.43921369314193726 score now 0.9247000217437744
Data 116 train loss 3.8001507021149026e-08 score before 0.4392240047454834 score now 0.92381352186203
Data 117 train loss 5.216689416769112e-09 score before 0.4392240047454834 score now 0.9525522589683533
Data 118 train loss 4.091486466457236e-11 score before 0.43926525115966797 score now 0.8435554504394531
Data 119 train loss 8.065857473203646e-08 score before 0.43926525115966797 score now 0.9564074277877808
Data 120 train loss 1.4847816189695906e-08 score before 0.4392755627632141 score now 0.8071991205215454
Data 121 train loss 9.958829197923692e-08 score before 0.4392755627632141 score now 0.5877004861831665
Data 122 train loss 5.749501988365206e-08 score before 0.43928587436676025 score now 0.595390260219574
Data 123 train loss 7.035743466521656e-08 score before 0.43928587436676025 score now 0.6987898349761963
Data 124 train loss 7.122681379655848e-08 score before 0.439296156167984 score now 0.45758256316185
Data 125 train loss 7.193020698473814e-08 score before 0.439296156167984 score now 0.4714880585670471
Data 126 train loss 1.3855999710639538e-08 score before 0.439296156167984 score now 0.6082443594932556
Data 127 train loss 3.2722920649270006e-08 score before 0.439296156167984 score now 0.5404382944107056
After max 0.9734362959861755 median 0.6113779544830322

Namespace(Tmax=200, gamma=0.0, interval=200, label=10.0, mode='distill', outer_lr=0.1, task='TFBind8-Exact-v0', topk=128)
weights 3.0396985e-05 3.0396985e-05
Before  max 0.439296156167984 median 0.4389611482620239

INFO:absl:Unable to initialize backend 'tpu_driver': NOT_FOUND: Unable to find driver in registry given worker: 
INFO:absl:Unable to initialize backend 'gpu': NOT_FOUND: Could not find registered platform with name: "cuda". Available platform names are: Host Interpreter
INFO:absl:Unable to initialize backend 'tpu': INVALID_ARGUMENT: TpuPlatform is not available.
WARNING:absl:No GPU/TPU found, falling back to CPU. (Set TF_CPP_MIN_LOG_LEVEL=0 and rerun for more info.)
Data 0 train loss 0.6111917684576218 score before 0.4385952353477478 score now 0.4385952353477478
Data 1 train loss 0.6183784461882347 score before 0.4385952353477478 score now 0.7380117774009705
Data 2 train loss 0.6007764903078848 score before 0.43860554695129395 score now 0.5276976227760315
Data 3 train loss 0.6215651942785088 score before 0.43860554695129395 score now 0.6597225069999695
Data 4 train loss 0.6194701489454225 score before 0.43860554695129395 score now 0.43860554695129395
Data 5 train loss 0.6113897951307062 score before 0.43860554695129395 score now 0.7877169847488403
Data 6 train loss 0.6193649874017327 score before 0.4386158287525177 score now 0.49669113755226135
Data 7 train loss 0.634586729626148 score before 0.4386158287525177 score now 0.6095431447029114
Data 8 train loss 0.6344822908386782 score before 0.4386158287525177 score now 0.5900713205337524
Data 9 train loss 0.6381380574678547 score before 0.4386158287525177 score now 0.2939533293247223
Data 10 train loss 0.6315514244364904 score before 0.43862614035606384 score now 0.6465798020362854
Data 11 train loss 0.6023705013033477 score before 0.43862614035606384 score now 0.8030862212181091
Data 12 train loss 0.5963074635152812 score before 0.43864676356315613 score now 0.43864676356315613
Data 13 train loss 0.6158042730364407 score before 0.43864676356315613 score now 0.43864676356315613
Data 14 train loss 0.6069380986791975 score before 0.43865707516670227 score now 0.4760957360267639
Data 15 train loss 0.6077007163297314 score before 0.43865707516670227 score now 0.6459922194480896
Data 16 train loss 0.5956410916506978 score before 0.43867769837379456 score now 0.8876633644104004
Data 17 train loss 0.6513563908792669 score before 0.43867769837379456 score now 0.43867769837379456
Data 18 train loss 0.623048773968366 score before 0.43867769837379456 score now 0.6236960291862488
Data 19 train loss 0.6199190221852799 score before 0.43867769837379456 score now 0.7767492532730103
Data 20 train loss 0.6184166571023261 score before 0.43869829177856445 score now 0.3264956772327423
Data 21 train loss 0.6091957260429373 score before 0.43869829177856445 score now 0.43869829177856445
Data 22 train loss 0.6197411969703484 score before 0.4387086033821106 score now 0.5504061579704285
Data 23 train loss 0.6346759482634249 score before 0.4387086033821106 score now 0.8000247478485107
Data 24 train loss 0.6161787697647191 score before 0.4387292265892029 score now 0.4387292265892029
Data 25 train loss 0.6007277686724196 score before 0.4387292265892029 score now 0.6630417108535767
Data 26 train loss 0.6193473288118022 score before 0.438739538192749 score now 0.438739538192749
Data 27 train loss 0.6193473288118022 score before 0.438739538192749 score now 0.438739538192749
Data 28 train loss 0.6189951617778939 score before 0.43877047300338745 score now 0.5827217102050781
Data 29 train loss 0.6186958768380236 score before 0.43877047300338745 score now 0.6957180500030518
Data 30 train loss 0.6034128576052702 score before 0.4387807548046112 score now 0.6739269495010376
Data 31 train loss 0.6340743986587647 score before 0.4387807548046112 score now 0.3325361907482147
Data 32 train loss 0.6104194265876927 score before 0.4387807548046112 score now 0.4389250874519348
Data 33 train loss 0.6309663880650461 score before 0.4387807548046112 score now 0.5321815609931946
Data 34 train loss 0.6185239806360979 score before 0.43881168961524963 score now 0.5247907638549805
Data 35 train loss 0.6078747565884524 score before 0.43881168961524963 score now 0.8056116700172424
Data 36 train loss 0.6111951380123132 score before 0.4388323128223419 score now 0.4703438878059387
Data 37 train loss 0.637413367873562 score before 0.4388323128223419 score now 0.4388323128223419
Data 38 train loss 0.6350829765312993 score before 0.43884262442588806 score now 0.2748422920703888
Data 39 train loss 0.6283912123282055 score before 0.43884262442588806 score now 0.43884262442588806
Data 40 train loss 0.5991431676684609 score before 0.43884262442588806 score now 0.7762441635131836
Data 41 train loss 0.6122329757390056 score before 0.43884262442588806 score now 0.6486620306968689
Data 42 train loss 0.6329944363528233 score before 0.43884262442588806 score now 0.46256133913993835
Data 43 train loss 0.6219063605430429 score before 0.43884262442588806 score now 0.3384529650211334
Data 44 train loss 0.6619436952852281 score before 0.4388735294342041 score now 0.4388735294342041
Data 45 train loss 0.6203353187455303 score before 0.4388735294342041 score now 0.7906857132911682
Data 46 train loss 0.6625228890620626 score before 0.4388735294342041 score now 0.5349234938621521
Data 47 train loss 0.6249021198137237 score before 0.4388735294342041 score now 0.3761802613735199
Data 48 train loss 0.6089029922475628 score before 0.43888384103775024 score now 0.43888384103775024
Data 49 train loss 0.6306566172401188 score before 0.43888384103775024 score now 0.6714426875114441
Data 50 train loss 0.6108741703046613 score before 0.43888384103775024 score now 0.6435595750808716
Data 51 train loss 0.6340056106571692 score before 0.43888384103775024 score now 0.5228219032287598
Data 52 train loss 0.6326843333215603 score before 0.4388941526412964 score now 0.4388941526412964
Data 53 train loss 0.6551015357594611 score before 0.4388941526412964 score now 0.4388941526412964
Data 54 train loss 0.6035706707404775 score before 0.4388941526412964 score now 0.38973528146743774
Data 55 train loss 0.6025215619234863 score before 0.4388941526412964 score now 0.3477610945701599
Data 56 train loss 0.6061841460374428 score before 0.43890446424484253 score now 0.44019296765327454
Data 57 train loss 0.6200845272697051 score before 0.43890446424484253 score now 0.43890446424484253
Data 58 train loss 0.6104256918909773 score before 0.4389250874519348 score now 0.4389250874519348
Data 59 train loss 0.6161175480701103 score before 0.4389250874519348 score now 0.48396074771881104
Data 60 train loss 0.6318632971455072 score before 0.4389457106590271 score now 0.5174617767333984
Data 61 train loss 0.6085136506136847 score before 0.4389457106590271 score now 0.685575008392334
Data 62 train loss 0.6180144974026487 score before 0.43895599246025085 score now 0.9098461866378784
Data 63 train loss 0.6173057579102236 score before 0.43895599246025085 score now 0.772512674331665
Data 64 train loss 0.6080138617646372 score before 0.438966304063797 score now 0.47130250930786133
Data 65 train loss 0.6033359121686495 score before 0.438966304063797 score now 0.5924730896949768
Data 66 train loss 0.6547221415182267 score before 0.438966304063797 score now 0.2857894003391266
Data 67 train loss 0.6194563205438737 score before 0.438966304063797 score now 0.438966304063797
Data 68 train loss 0.6337075757363542 score before 0.43897661566734314 score now 0.49219682812690735
Data 69 train loss 0.6204463877703066 score before 0.43897661566734314 score now 0.8107450604438782
Data 70 train loss 0.665383279815782 score before 0.43900755047798157 score now 0.5183276534080505
Data 71 train loss 0.6254111961222077 score before 0.43900755047798157 score now 0.9835072159767151
Data 72 train loss 0.5993920846823058 score before 0.43902817368507385 score now 0.7143652439117432
Data 73 train loss 0.6221473891788689 score before 0.43902817368507385 score now 0.7703892588615417
Data 74 train loss 0.6302532586726688 score before 0.43902817368507385 score now 0.43902817368507385
Data 75 train loss 0.6211070313588122 score before 0.43902817368507385 score now 0.642662763595581
Data 76 train loss 0.6112530392626393 score before 0.43902817368507385 score now 0.6597946882247925
Data 77 train loss 0.6331589995253318 score before 0.43902817368507385 score now 0.5638580918312073
Data 78 train loss 0.6297240829309129 score before 0.4390384554862976 score now 0.6465798020362854
Data 79 train loss 0.5981759810164402 score before 0.4390384554862976 score now 0.6312724351882935
Data 80 train loss 0.6408945514026757 score before 0.43906939029693604 score now 0.5322228074073792
Data 81 train loss 0.607135780762681 score before 0.43906939029693604 score now 0.7270131707191467
Data 82 train loss 0.6648578932529172 score before 0.43906939029693604 score now 0.4044345021247864
Data 83 train loss 0.6321748988434054 score before 0.43906939029693604 score now 0.32456809282302856
Data 84 train loss 0.6094200277524635 score before 0.43910032510757446 score now 0.696068525314331
Data 85 train loss 0.6297353123717493 score before 0.43910032510757446 score now 0.46497341990470886
Data 86 train loss 0.6192839243016915 score before 0.43912094831466675 score now 0.8066527843475342
Data 87 train loss 0.6118881075665643 score before 0.43912094831466675 score now 0.43912094831466675
Data 88 train loss 0.6088597954015494 score before 0.4391312301158905 score now 0.6893373727798462
Data 89 train loss 0.6087116601196834 score before 0.4391312301158905 score now 0.5035253167152405
Data 90 train loss 0.6220277849695431 score before 0.4391312301158905 score now 0.4391312301158905
Data 91 train loss 0.6081935992955627 score before 0.4391312301158905 score now 0.4391312301158905
Data 92 train loss 0.6138571105323638 score before 0.4391312301158905 score now 0.7449491024017334
Data 93 train loss 0.634985732935955 score before 0.4391312301158905 score now 0.7505978345870972
Data 94 train loss 0.607334711854601 score before 0.4391312301158905 score now 0.2647301256656647
Data 95 train loss 0.6194587261213296 score before 0.4391312301158905 score now 0.6216034889221191
Data 96 train loss 0.6375205771211552 score before 0.43914154171943665 score now 0.5949161052703857
Data 97 train loss 0.6214162036887108 score before 0.43914154171943665 score now 0.7465468049049377
Data 98 train loss 0.6384295655426091 score before 0.4391518533229828 score now 0.5278109908103943
Data 99 train loss 0.6210468176225876 score before 0.4391518533229828 score now 0.6929864287376404
Data 100 train loss 0.6094099719271869 score before 0.4391518533229828 score now 0.4391518533229828
Data 101 train loss 0.6175649575829383 score before 0.4391518533229828 score now 0.433987557888031
Data 102 train loss 0.636145888529817 score before 0.4391518533229828 score now 0.5933080315589905
Data 103 train loss 0.6380949675992122 score before 0.4391518533229828 score now 0.9140827655792236
Data 104 train loss 0.6105343129605764 score before 0.43916216492652893 score now 0.5250071883201599
Data 105 train loss 0.6367701291038286 score before 0.43916216492652893 score now 0.40740320086479187
Data 106 train loss 0.614238568578396 score before 0.4391827881336212 score now 0.7500309348106384
Data 107 train loss 0.6188992783442115 score before 0.4391827881336212 score now 0.4391827881336212
Data 108 train loss 0.6351344463453005 score before 0.43919309973716736 score now 0.40838247537612915
Data 109 train loss 0.6093385028362135 score before 0.43919309973716736 score now 0.6579804420471191
Data 110 train loss 0.6101377631426521 score before 0.4392034113407135 score now 0.6211808919906616
Data 111 train loss 0.6096589301421431 score before 0.4392034113407135 score now 0.609718382358551
Data 112 train loss 0.6340642609498625 score before 0.4392034113407135 score now 0.7153857350349426
Data 113 train loss 0.6181653409497991 score before 0.4392034113407135 score now 0.804333508014679
Data 114 train loss 0.6203517147238486 score before 0.43921369314193726 score now 0.8364120125770569
Data 115 train loss 0.6199578025391014 score before 0.43921369314193726 score now 0.6191502213478088
Data 116 train loss 0.6033301940837346 score before 0.4392240047454834 score now 0.4392240047454834
Data 117 train loss 0.60839691729461 score before 0.4392240047454834 score now 0.4392240047454834
Data 118 train loss 0.6169035298010234 score before 0.43926525115966797 score now 0.772512674331665
Data 119 train loss 0.6064147737647299 score before 0.43926525115966797 score now 0.7096853852272034
Data 120 train loss 0.6113606529482619 score before 0.4392755627632141 score now 0.6113367676734924
Data 121 train loss 0.6319779714823951 score before 0.4392755627632141 score now 0.6075640320777893
Data 122 train loss 0.6321313951726302 score before 0.43928587436676025 score now 0.5721044540405273
Data 123 train loss 0.6081461502371613 score before 0.43928587436676025 score now 0.6859563589096069
Data 124 train loss 0.6319392929496033 score before 0.439296156167984 score now 0.439296156167984
Data 125 train loss 0.6071330945079845 score before 0.439296156167984 score now 0.4191027879714966
Data 126 train loss 0.6386095592386162 score before 0.439296156167984 score now 0.439296156167984
Data 127 train loss 0.6360288424723523 score before 0.439296156167984 score now 0.4083000123500824
After max 0.9835072159767151 median 0.5322021842002869

Namespace(Tmax=200, gamma=0.0, interval=200, label=10.0, mode='both', outer_lr=0.1, task='TFBind8-Exact-v0', topk=128)
weights 3.0396985e-05 3.0396985e-05
Before  max 0.439296156167984 median 0.4389611482620239

INFO:absl:Unable to initialize backend 'tpu_driver': NOT_FOUND: Unable to find driver in registry given worker: 
INFO:absl:Unable to initialize backend 'gpu': NOT_FOUND: Could not find registered platform with name: "cuda". Available platform names are: Interpreter Host
INFO:absl:Unable to initialize backend 'tpu': INVALID_ARGUMENT: TpuPlatform is not available.
WARNING:absl:No GPU/TPU found, falling back to CPU. (Set TF_CPP_MIN_LOG_LEVEL=0 and rerun for more info.)
Data 0 train loss 0.7292328020654474 score before 0.4385952353477478 score now 0.588927149772644
Data 1 train loss 0.6863632566890729 score before 0.4385952353477478 score now 0.6370242834091187
Data 2 train loss 0.7485440591136093 score before 0.43860554695129395 score now 0.9247000217437744
Data 3 train loss 0.6883539697919303 score before 0.43860554695129395 score now 0.8224858641624451
Data 4 train loss 0.782677458808176 score before 0.43860554695129395 score now 0.6995217204093933
Data 5 train loss 0.7822168001195771 score before 0.43860554695129395 score now 0.9247000217437744
Data 6 train loss 0.6079013863743757 score before 0.4386158287525177 score now 0.4386158287525177
Data 7 train loss 0.708882579325074 score before 0.4386158287525177 score now 0.5187296271324158
Data 8 train loss 0.6200754049054668 score before 0.4386158287525177 score now 0.4386158287525177
Data 9 train loss 0.8100422331436531 score before 0.4386158287525177 score now 0.7355893850326538
Data 10 train loss 0.7142376238209749 score before 0.43862614035606384 score now 0.6465798020362854
Data 11 train loss 0.7019996684330937 score before 0.43862614035606384 score now 0.5679400563240051
Data 12 train loss 0.6893057413761199 score before 0.43864676356315613 score now 0.5409949421882629
Data 13 train loss 0.8053733021273959 score before 0.43864676356315613 score now 0.7770997285842896
Data 14 train loss 0.7068456991539385 score before 0.43865707516670227 score now 0.5578691363334656
Data 15 train loss 0.6738860218938733 score before 0.43865707516670227 score now 0.5228631496429443
Data 16 train loss 0.7135737408084192 score before 0.43867769837379456 score now 0.8202490210533142
Data 17 train loss 0.7933338361522084 score before 0.43867769837379456 score now 0.436492383480072
Data 18 train loss 0.7899531158257738 score before 0.43867769837379456 score now 0.8310518264770508
Data 19 train loss 0.744538276011708 score before 0.43867769837379456 score now 0.7448769211769104
Data 20 train loss 0.5917685973386174 score before 0.43869829177856445 score now 0.43869829177856445
Data 21 train loss 0.7534782616534118 score before 0.43869829177856445 score now 0.4646332263946533
Data 22 train loss 0.6574952666034133 score before 0.4387086033821106 score now 0.4387086033821106
Data 23 train loss 0.7162912291742789 score before 0.4387086033821106 score now 0.8774893879890442
Data 24 train loss 0.757060939929192 score before 0.4387292265892029 score now 0.7370737791061401
Data 25 train loss 0.721578014621711 score before 0.4387292265892029 score now 0.42627716064453125
Data 26 train loss 0.7085672049694525 score before 0.438739538192749 score now 0.5618789196014404
Data 27 train loss 0.7085672049694525 score before 0.438739538192749 score now 0.5618789196014404
Data 28 train loss 0.6135337036158217 score before 0.43877047300338745 score now 0.5028038024902344
Data 29 train loss 0.725978939091517 score before 0.43877047300338745 score now 0.5386962294578552
Data 30 train loss 0.6476122607499801 score before 0.4387807548046112 score now 0.8261658549308777
Data 31 train loss 0.7315852211035152 score before 0.4387807548046112 score now 0.6081412434577942
Data 32 train loss 0.7707716700640024 score before 0.4387807548046112 score now 0.33539149165153503
Data 33 train loss 0.7823254521992471 score before 0.4387807548046112 score now 0.4983403980731964
Data 34 train loss 0.7578620603558973 score before 0.43881168961524963 score now 0.5466952323913574
Data 35 train loss 0.6999926665891969 score before 0.43881168961524963 score now 0.6020698547363281
Data 36 train loss 0.7237196982359442 score before 0.4388323128223419 score now 0.9022595286369324
Data 37 train loss 0.7251447443852183 score before 0.4388323128223419 score now 0.4413990080356598
Data 38 train loss 0.8151291056257629 score before 0.43884262442588806 score now 0.43884262442588806
Data 39 train loss 0.7642235249095345 score before 0.43884262442588806 score now 0.6430544853210449
Data 40 train loss 0.7623851746081417 score before 0.43884262442588806 score now 0.45212963223457336
Data 41 train loss 0.8509495670180911 score before 0.43884262442588806 score now 0.9247000217437744
Data 42 train loss 0.8372141815085659 score before 0.43884262442588806 score now 0.7647095322608948
Data 43 train loss 2.61570985665219 score before 0.43884262442588806 score now 0.43884262442588806
Data 44 train loss 0.7828554197592603 score before 0.4388735294342041 score now 0.3836226463317871
Data 45 train loss 0.7630577332536314 score before 0.4388735294342041 score now 0.4388735294342041
Data 46 train loss 0.9293413860039222 score before 0.4388735294342041 score now 0.5349234938621521
Data 47 train loss 0.8161619144672163 score before 0.4388735294342041 score now 0.5947099328041077
Data 48 train loss 0.7435731079668259 score before 0.43888384103775024 score now 0.511215090751648
Data 49 train loss 0.7845821111607635 score before 0.43888384103775024 score now 0.6714426875114441
Data 50 train loss 0.74017389182649 score before 0.43888384103775024 score now 0.47013771533966064
Data 51 train loss 0.8204061030815362 score before 0.43888384103775024 score now 0.6145116090774536
Data 52 train loss 0.6380723489172538 score before 0.4388941526412964 score now 0.4388941526412964
Data 53 train loss 0.8296861011253001 score before 0.4388941526412964 score now 0.41704118251800537
Data 54 train loss 0.8026909598683893 score before 0.4388941526412964 score now 0.8086422085762024
Data 55 train loss 0.6846549055348071 score before 0.4388941526412964 score now 0.7568135857582092
Data 56 train loss 0.7978076459478477 score before 0.43890446424484253 score now 0.5877004861831665
Data 57 train loss 0.8718271427541726 score before 0.43890446424484253 score now 0.7972518801689148
Data 58 train loss 0.7825129825247809 score before 0.4389250874519348 score now 0.43366798758506775
Data 59 train loss 0.8351682310657257 score before 0.4389250874519348 score now 0.5888962149620056
Data 60 train loss 0.7338458872038678 score before 0.4389457106590271 score now 0.4389457106590271
Data 61 train loss 0.7797163614793823 score before 0.4389457106590271 score now 0.4389457106590271
Data 62 train loss 0.6943588326533575 score before 0.43895599246025085 score now 0.8311548829078674
Data 63 train loss 0.7118833659716126 score before 0.43895599246025085 score now 0.533470094203949
Data 64 train loss 0.8094338207161093 score before 0.438966304063797 score now 0.7647095322608948
Data 65 train loss 4.198732458149944 score before 0.438966304063797 score now 0.438966304063797
Data 66 train loss 1.4426561341561945 score before 0.438966304063797 score now 0.438966304063797
Data 67 train loss 0.7760159463389247 score before 0.438966304063797 score now 0.6995217204093933
Data 68 train loss 0.8269128408368531 score before 0.43897661566734314 score now 0.6165216565132141
Data 69 train loss 0.846444705962996 score before 0.43897661566734314 score now 0.6165216565132141
Data 70 train loss 0.7908471344685742 score before 0.43900755047798157 score now 0.6831423044204712
Data 71 train loss 0.7356972617333788 score before 0.43900755047798157 score now 0.94124436378479
Data 72 train loss 0.697435002278611 score before 0.43902817368507385 score now 0.6975631713867188
Data 73 train loss 0.8209276470551764 score before 0.43902817368507385 score now 0.7972518801689148
Data 74 train loss 0.7181969616187248 score before 0.43902817368507385 score now 0.43902817368507385
Data 75 train loss 0.8722684650919568 score before 0.43902817368507385 score now 0.4360388517379761
Data 76 train loss 0.7219512925186466 score before 0.43902817368507385 score now 0.5533233284950256
Data 77 train loss 0.8031039461149829 score before 0.43902817368507385 score now 0.6891827583312988
Data 78 train loss 0.7646373875506101 score before 0.4390384554862976 score now 0.6239022016525269
Data 79 train loss 0.7224299030056691 score before 0.4390384554862976 score now 0.8060755133628845
Data 80 train loss 0.858177526859194 score before 0.43906939029693604 score now 0.4360388517379761
Data 81 train loss 0.6375622456797069 score before 0.43906939029693604 score now 0.7270131707191467
Data 82 train loss 0.9300503261582238 score before 0.43906939029693604 score now 0.4360388517379761
Data 83 train loss 0.7331161259366268 score before 0.43906939029693604 score now 0.43906939029693604
Data 84 train loss 0.7268011765634627 score before 0.43910032510757446 score now 0.6769471764564514
Data 85 train loss 0.7160286922694407 score before 0.43910032510757446 score now 0.5246670246124268
Data 86 train loss 0.6956046848272515 score before 0.43912094831466675 score now 0.8904362320899963
Data 87 train loss 0.7387035968731605 score before 0.43912094831466675 score now 0.8678823113441467
Data 88 train loss 0.8288924688053285 score before 0.4391312301158905 score now 0.5555189251899719
Data 89 train loss 0.6228150834596722 score before 0.4391312301158905 score now 0.3838288187980652
Data 90 train loss 0.8368281182702053 score before 0.4391312301158905 score now 0.7770997285842896
Data 91 train loss 0.718599830917495 score before 0.4391312301158905 score now 0.8322063088417053
Data 92 train loss 0.7406840032111224 score before 0.4391312301158905 score now 0.8687791228294373
Data 93 train loss 0.7483072209441953 score before 0.4391312301158905 score now 0.7505978345870972
Data 94 train loss 0.6891946038621082 score before 0.4391312301158905 score now 0.7851399779319763
Data 95 train loss 0.6976881758304575 score before 0.4391312301158905 score now 0.6864099502563477
Data 96 train loss 0.741902549748948 score before 0.43914154171943665 score now 0.46416938304901123
Data 97 train loss 0.7759569490528573 score before 0.43914154171943665 score now 0.9208139181137085
Data 98 train loss 0.849673115692037 score before 0.4391518533229828 score now 0.4391518533229828
Data 99 train loss 0.8063180375806975 score before 0.4391518533229828 score now 0.4391518533229828
Data 100 train loss 0.7581419093350215 score before 0.4391518533229828 score now 0.5914010405540466
Data 101 train loss 0.7295100906134141 score before 0.4391518533229828 score now 0.5215746760368347
Data 102 train loss 0.836867139373828 score before 0.4391518533229828 score now 0.41439202427864075
Data 103 train loss 0.8680384064315703 score before 0.4391518533229828 score now 0.41439202427864075
Data 104 train loss 2.15024970492236 score before 0.43916216492652893 score now 0.43916216492652893
Data 105 train loss 0.7582233860616526 score before 0.43916216492652893 score now 0.925473153591156
Data 106 train loss 0.6737165800107248 score before 0.4391827881336212 score now 0.4391827881336212
Data 107 train loss 0.814304789885785 score before 0.4391827881336212 score now 0.5927823185920715
Data 108 train loss 0.820826204197807 score before 0.43919309973716736 score now 0.9208139181137085
Data 109 train loss 0.7672154162311333 score before 0.43919309973716736 score now 0.8296293020248413
Data 110 train loss 0.7658636891923385 score before 0.4392034113407135 score now 0.8883333802223206
Data 111 train loss 0.7278714979421229 score before 0.4392034113407135 score now 0.5533233284950256
Data 112 train loss 0.7952851038674484 score before 0.4392034113407135 score now 0.7260133028030396
Data 113 train loss 0.7398079690660709 score before 0.4392034113407135 score now 0.7972415685653687
Data 114 train loss 0.7777782107418519 score before 0.43921369314193726 score now 0.9734362959861755
Data 115 train loss 0.7646500632818596 score before 0.43921369314193726 score now 0.6956974267959595
Data 116 train loss 0.7702393357764535 score before 0.4392240047454834 score now 0.9094750881195068
Data 117 train loss 0.7261421005677762 score before 0.4392240047454834 score now 0.9525522589683533
Data 118 train loss 0.8102349206562534 score before 0.43926525115966797 score now 0.8682534098625183
Data 119 train loss 0.7688398043090345 score before 0.43926525115966797 score now 0.8057765960693359
Data 120 train loss 0.8213456089870501 score before 0.4392755627632141 score now 0.8071991205215454
Data 121 train loss 0.7962162270700363 score before 0.4392755627632141 score now 0.5877004861831665
Data 122 train loss 0.8050594891737508 score before 0.43928587436676025 score now 0.595390260219574
Data 123 train loss 0.7424040095240902 score before 0.43928587436676025 score now 0.595390260219574
Data 124 train loss 0.8035938940721088 score before 0.439296156167984 score now 0.45758256316185
Data 125 train loss 0.7291050730601573 score before 0.439296156167984 score now 0.4714880585670471
Data 126 train loss 0.907421610000503 score before 0.439296156167984 score now 0.6082443594932556
Data 127 train loss 0.8856972640550954 score before 0.439296156167984 score now 0.5404382944107056
After max 0.9734362959861755 median 0.5950500965118408

AntMorphology-Exact-v0
Namespace(Tmax=200, gamma=0.001, interval=200, label=10.0, mode='grad', outer_lr=0.001, task='AntMorphology-Exact-v0', topk=128)
weights 0.000100135636 9.959951e-05
Before  max 0.8122296929359436 median 0.5679259896278381

INFO:absl:Unable to initialize backend 'tpu_driver': NOT_FOUND: Unable to find driver in registry given worker: 
INFO:absl:Unable to initialize backend 'gpu': NOT_FOUND: Could not find registered platform with name: "cuda". Available platform names are: Host Interpreter
INFO:absl:Unable to initialize backend 'tpu': INVALID_ARGUMENT: TpuPlatform is not available.
WARNING:absl:No GPU/TPU found, falling back to CPU. (Set TF_CPP_MIN_LOG_LEVEL=0 and rerun for more info.)
Data 0 train loss 28.251949662578134 score before 0.5932115316390991 score now 0.7386916875839233
Data 1 train loss 28.77966760513733 score before 0.5616925954818726 score now 0.7581871151924133
Data 2 train loss 25.90453624776078 score before 0.4564596116542816 score now 0.6529704332351685
Data 3 train loss 29.932947801621207 score before 0.5690482258796692 score now 0.6256065964698792
Data 4 train loss 26.313131248432658 score before 0.7424856424331665 score now 0.7542991042137146
Data 5 train loss 26.501677937065654 score before 0.6040869951248169 score now 0.398350328207016
Data 6 train loss 28.526174453660303 score before 0.5889557600021362 score now 0.6032820343971252
Data 7 train loss 25.44379241571577 score before 0.7241578698158264 score now 0.5601392388343811
Data 8 train loss 28.523493510783037 score before 0.5638613104820251 score now 0.4247969686985016
Data 9 train loss 31.395517026756156 score before 0.5313040614128113 score now 0.3513273000717163
Data 10 train loss 27.72814602715796 score before 0.6034418344497681 score now 0.23759673535823822
Data 11 train loss 25.619106686367974 score before 0.5695269107818604 score now 0.6626753211021423
Data 12 train loss 24.96186038748672 score before 0.6318920254707336 score now 0.5721765756607056
Data 13 train loss 24.45495630282866 score before 0.5874844789505005 score now 0.9334312081336975
Data 14 train loss 24.589703472487578 score before 0.5277496576309204 score now 0.7301675081253052
Data 15 train loss 32.22536390569292 score before 0.5343262553215027 score now 0.4887363314628601
Data 16 train loss 29.698601658927185 score before 0.5499557852745056 score now 0.4345468282699585
Data 17 train loss 26.389474676067945 score before 0.5384699702262878 score now 0.5244861245155334
Data 18 train loss 28.39491943629805 score before 0.5910041928291321 score now 0.674232006072998
Data 19 train loss 28.36094172457301 score before 0.5515832304954529 score now 0.7377446293830872
Data 20 train loss 24.96741305723539 score before 0.5627287030220032 score now 0.431605726480484
Data 21 train loss 27.70414328508093 score before 0.5454713702201843 score now 0.5724480152130127
Data 22 train loss 22.479376988783372 score before 0.3746740520000458 score now 0.4396679997444153
Data 23 train loss 32.04016186979537 score before 0.6649622917175293 score now 0.45192649960517883
Data 24 train loss 30.784602272920925 score before 0.525963544845581 score now 0.44863709807395935
Data 25 train loss 28.50310929690189 score before 0.6067449450492859 score now 0.44314080476760864
Data 26 train loss 26.411419616644622 score before 0.571913480758667 score now 0.22792381048202515
Data 27 train loss 28.582314247645925 score before 0.5204944610595703 score now 0.43206560611724854
Data 28 train loss 28.02732589203809 score before 0.7230395078659058 score now 0.6891194581985474
Data 29 train loss 28.75556785186885 score before 0.5044822096824646 score now 0.4111623466014862
Data 30 train loss 26.65035841366251 score before 0.5653424859046936 score now 0.5937281847000122
Data 31 train loss 25.324101773448486 score before 0.6489720940589905 score now 0.4662429988384247
Data 32 train loss 27.89011388323396 score before 0.5040668845176697 score now 0.28187552094459534
Data 33 train loss 25.732854143064827 score before 0.686499834060669 score now 0.24249272048473358
Data 34 train loss 23.701963754703744 score before 0.5950717926025391 score now 0.6534450650215149
Data 35 train loss 28.456830727194532 score before 0.5503950119018555 score now 0.9029436707496643
Data 36 train loss 28.24605642714651 score before 0.6288102865219116 score now 0.5086456537246704
Data 37 train loss 23.05565243298289 score before 0.5824289321899414 score now 0.13485944271087646
Data 38 train loss 28.042150010929628 score before 0.5625115036964417 score now 0.36795473098754883
Data 39 train loss 28.175844316756518 score before 0.4675965905189514 score now 0.23658117651939392
Data 40 train loss 26.199305529092623 score before 0.37602996826171875 score now 0.6525180339813232
Data 41 train loss 28.259317349984485 score before 0.3983551561832428 score now 0.5366973876953125
Data 42 train loss 25.579902517245472 score before 0.5617995262145996 score now 0.6164488792419434
Data 43 train loss 23.87812490272988 score before 0.48581376671791077 score now 0.8411133885383606
Data 44 train loss 29.919480624546132 score before 0.40642833709716797 score now 0.6295676827430725
Data 45 train loss 29.143689662423732 score before 0.6084710955619812 score now 0.6028674244880676
Data 46 train loss 29.652241149551184 score before 0.6177581548690796 score now 0.6383734941482544
Data 47 train loss 28.696196360477455 score before 0.633734941482544 score now 0.5101874470710754
Data 48 train loss 23.713551013257263 score before 0.646995484828949 score now 0.41578760743141174
Data 49 train loss 24.79248388736599 score before 0.525920569896698 score now 0.8467950224876404
Data 50 train loss 29.143937249971934 score before 0.5246320366859436 score now 0.5188843011856079
Data 51 train loss 27.63406363873133 score before 0.5526342988014221 score now 0.517426609992981
Data 52 train loss 27.833709040339564 score before 0.5500525236129761 score now 0.6176900863647461
Data 53 train loss 29.84547343888319 score before 0.5076389908790588 score now 0.403131902217865
Data 54 train loss 26.36255757887155 score before 0.6029955148696899 score now 0.577534556388855
Data 55 train loss 26.86475394183218 score before 0.5775049924850464 score now 0.4060721695423126
Data 56 train loss 25.979108010591155 score before 0.4726622402667999 score now 0.5056362152099609
Data 57 train loss 25.22520936799637 score before 0.6209759712219238 score now 0.4811636507511139
Data 58 train loss 26.329076431648858 score before 0.5375072360038757 score now 0.42272570729255676
Data 59 train loss 27.22774820581934 score before 0.4980834424495697 score now 0.8170552849769592
Data 60 train loss 25.48980830556253 score before 0.5417793989181519 score now 0.6859285235404968
Data 61 train loss 26.058550374316315 score before 0.5496293306350708 score now 0.5391186475753784
Data 62 train loss 26.01831814609884 score before 0.5780148506164551 score now 0.34669584035873413
Data 63 train loss 25.135478650789675 score before 0.4178076386451721 score now 0.4302668869495392
Data 64 train loss 27.274073901169753 score before 0.6652111411094666 score now 0.5215928554534912
Data 65 train loss 25.464927873536638 score before 0.741472065448761 score now 0.7455713152885437
Data 66 train loss 26.031874336296493 score before 0.48493462800979614 score now 0.2408464252948761
Data 67 train loss 29.68848783360929 score before 0.6370091438293457 score now 0.4416217505931854
Data 68 train loss 24.541036935437383 score before 0.5704947710037231 score now 0.5724131464958191
Data 69 train loss 28.913883594813782 score before 0.5601392388343811 score now 0.6660923361778259
Data 70 train loss 27.118230213895313 score before 0.5709968209266663 score now 0.6396586298942566
Data 71 train loss 23.82772152668515 score before 0.5395995378494263 score now 0.6780929565429688
Data 72 train loss 24.796822129618494 score before 0.5296849012374878 score now 0.6680671572685242
Data 73 train loss 25.761828659811705 score before 0.5557149052619934 score now 0.6617969274520874
Data 74 train loss 28.29290054158085 score before 0.5479353666305542 score now 0.3930997848510742
Data 75 train loss 27.932695500028146 score before 0.629968523979187 score now 0.2626640200614929
Data 76 train loss 27.05227394643786 score before 0.552462100982666 score now 0.6036095023155212
Data 77 train loss 25.981122115634246 score before 0.7394297122955322 score now 0.24600476026535034
Data 78 train loss 26.102823491262054 score before 0.626598060131073 score now 0.41517457365989685
Data 79 train loss 27.046888832166637 score before 0.4796425700187683 score now 0.6009825468063354
Data 80 train loss 23.15122600193361 score before 0.5723478198051453 score now 0.6270618438720703
Data 81 train loss 25.435107368823044 score before 0.4010630249977112 score now 0.2543499171733856
Data 82 train loss 24.256891427064453 score before 0.6672231554985046 score now 0.6065963506698608
Data 83 train loss 25.530152375512404 score before 0.5997182130813599 score now 0.4762830138206482
Data 84 train loss 23.010473924997736 score before 0.7373664975166321 score now 0.31995049118995667
Data 85 train loss 28.33379421964306 score before 0.5227746367454529 score now 0.6200839281082153
Data 86 train loss 27.796144348452774 score before 0.5760866403579712 score now 0.7024418711662292
Data 87 train loss 27.236042737584526 score before 0.49309253692626953 score now 0.3530685305595398
Data 88 train loss 30.81873296194803 score before 0.6212855577468872 score now 0.27217867970466614
Data 89 train loss 31.952449936138027 score before 0.6072071194648743 score now 0.5393991470336914
Data 90 train loss 28.217162855044624 score before 0.5977493524551392 score now 0.6798534989356995
Data 91 train loss 30.435467778192187 score before 0.5783884525299072 score now 0.6100567579269409
Data 92 train loss 24.494575332933778 score before 0.5937386751174927 score now 0.638792097568512
Data 93 train loss 28.900798093663024 score before 0.5306787490844727 score now 0.3100847899913788
Data 94 train loss 29.959921238303995 score before 0.8122296929359436 score now 0.7914385795593262
Data 95 train loss 24.42440156240741 score before 0.5275561213493347 score now 0.7878501415252686
Data 96 train loss 26.16261486880611 score before 0.6547133922576904 score now 0.7971428632736206
Data 97 train loss 26.880010328491935 score before 0.558803915977478 score now 0.5882011651992798
Data 98 train loss 28.108434991499514 score before 0.578726053237915 score now 0.4465804398059845
Data 99 train loss 27.315680297690797 score before 0.5848543047904968 score now 0.6644594669342041
Data 100 train loss 27.25655506995835 score before 0.534813404083252 score now 0.2836481034755707
Data 101 train loss 26.166174320151573 score before 0.5418036580085754 score now 0.5298710465431213
Data 102 train loss 31.535749073664093 score before 0.6022404432296753 score now 0.38461706042289734
Data 103 train loss 28.447226619089694 score before 0.5693010687828064 score now 0.5544682741165161
Data 104 train loss 25.264496227526987 score before 0.5704545378684998 score now 0.6190198063850403
Data 105 train loss 26.15736723525033 score before 0.5915587544441223 score now 0.7288627624511719
Data 106 train loss 27.201819673431096 score before 0.5668038725852966 score now 0.44277018308639526
Data 107 train loss 23.476866575717217 score before 0.7755246162414551 score now 0.47795602679252625
Data 108 train loss 26.572998234167613 score before 0.5628894567489624 score now 0.5565139651298523
Data 109 train loss 26.55513301609515 score before 0.46562981605529785 score now 0.40855661034584045
Data 110 train loss 25.936989692157745 score before 0.599181592464447 score now 0.6345852613449097
Data 111 train loss 24.145651555984635 score before 0.7043655514717102 score now 0.838710367679596
Data 112 train loss 29.716580000537498 score before 0.5627918839454651 score now 0.22401313483715057
Data 113 train loss 31.87980524818609 score before 0.5068209171295166 score now 0.21000191569328308
Data 114 train loss 28.918840878563717 score before 0.6358205080032349 score now 0.620867133140564
Data 115 train loss 27.277126433236266 score before 0.528065025806427 score now 0.4629691541194916
Data 116 train loss 26.694122956189144 score before 0.5727717280387878 score now 0.6971353888511658
Data 117 train loss 23.47710869167899 score before 0.6043601632118225 score now 0.6540973782539368
Data 118 train loss 24.21493317405983 score before 0.4772768020629883 score now 0.6627678275108337
Data 119 train loss 22.728276583463387 score before 0.557708203792572 score now 0.6601467728614807
Data 120 train loss 28.189004071942048 score before 0.555919885635376 score now 0.5395605564117432
Data 121 train loss 25.95175342466059 score before 0.5578838586807251 score now 0.3561672568321228
Data 122 train loss 31.128121738722193 score before 0.6617037057876587 score now 0.6578452587127686
Data 123 train loss 23.100389111089132 score before 0.4814610779285431 score now 0.724260151386261
Data 124 train loss 30.123074435105927 score before 0.6404021382331848 score now 0.6019579768180847
Data 125 train loss 27.01915067252584 score before 0.6410853266716003 score now 0.6914438605308533
Data 126 train loss 22.74255054333127 score before 0.6349725723266602 score now 0.6629814505577087
Data 127 train loss 30.53540835796485 score before 0.5279383063316345 score now 0.5917068123817444
After max 0.9334312081336975 median 0.5661579370498657

Namespace(Tmax=200, gamma=0.001, interval=200, label=10.0, mode='distill', outer_lr=0.001, task='AntMorphology-Exact-v0', topk=128)
weights 0.000100135636 9.959951e-05
Before  max 0.8122296929359436 median 0.5679259896278381

INFO:absl:Unable to initialize backend 'tpu_driver': NOT_FOUND: Unable to find driver in registry given worker: 
INFO:absl:Unable to initialize backend 'gpu': NOT_FOUND: Could not find registered platform with name: "cuda". Available platform names are: Host Interpreter
INFO:absl:Unable to initialize backend 'tpu': INVALID_ARGUMENT: TpuPlatform is not available.
WARNING:absl:No GPU/TPU found, falling back to CPU. (Set TF_CPP_MIN_LOG_LEVEL=0 and rerun for more info.)
Data 0 train loss 5.217730196787114 score before 0.5932115316390991 score now 0.264704167842865
Data 1 train loss 4.398121510143813 score before 0.5616925954818726 score now 0.7067570686340332
Data 2 train loss 3.7695814434397255 score before 0.4564596116542816 score now 0.6954550743103027
Data 3 train loss 3.8304352409946807 score before 0.5690482258796692 score now 0.2958657145500183
Data 4 train loss 4.192529571122058 score before 0.7424856424331665 score now 0.7943069934844971
Data 5 train loss 4.681109051802877 score before 0.6040869951248169 score now 0.5426744818687439
Data 6 train loss 4.5704835109407345 score before 0.5889557600021362 score now 0.3235950469970703
Data 7 train loss 3.760579560409753 score before 0.7241578698158264 score now 0.2952289581298828
Data 8 train loss 5.061534861486713 score before 0.5638613104820251 score now 0.2437160462141037
Data 9 train loss 4.556009214792219 score before 0.5313040614128113 score now 0.19442050158977509
Data 10 train loss 4.93107179211151 score before 0.6034418344497681 score now 0.22301208972930908
Data 11 train loss 4.195652318427935 score before 0.5695269107818604 score now 0.3004967272281647
Data 12 train loss 4.278015457510403 score before 0.6318920254707336 score now 0.4001513123512268
Data 13 train loss 3.7459283799550893 score before 0.5874844789505005 score now 0.8124796748161316
Data 14 train loss 4.335958445264684 score before 0.5277496576309204 score now 0.34339362382888794
Data 15 train loss 3.6280376810885038 score before 0.5343262553215027 score now 0.556833803653717
Data 16 train loss 4.561806662771449 score before 0.5499557852745056 score now 0.4499596655368805
Data 17 train loss 5.126723119810779 score before 0.5384699702262878 score now 0.4524329602718353
Data 18 train loss 4.653670935739139 score before 0.5910041928291321 score now 0.654370903968811
Data 19 train loss 5.608653322561974 score before 0.5515832304954529 score now 0.2867962419986725
Data 20 train loss 4.733712347290618 score before 0.5627287030220032 score now 0.44702965021133423
Data 21 train loss 4.867986803119712 score before 0.5454713702201843 score now 0.4054245948791504
Data 22 train loss 5.0374993525009435 score before 0.3746740520000458 score now 0.2196531742811203
Data 23 train loss 4.2854972005526735 score before 0.6649622917175293 score now 0.5599033236503601
Data 24 train loss 4.082669088530368 score before 0.525963544845581 score now 0.22028042376041412
Data 25 train loss 3.912272783320061 score before 0.6067449450492859 score now 0.19829967617988586
Data 26 train loss 3.8671950028800035 score before 0.571913480758667 score now 0.28732702136039734
Data 27 train loss 4.37452444876211 score before 0.5204944610595703 score now 0.46596559882164
Data 28 train loss 3.657207703744335 score before 0.7230395078659058 score now 0.47826746106147766
Data 29 train loss 3.7708017090188193 score before 0.5044822096824646 score now 0.19704864919185638
Data 30 train loss 4.696049553327493 score before 0.5653424859046936 score now 0.5408027768135071
Data 31 train loss 5.141467608779459 score before 0.6489720940589905 score now 0.8229619264602661
Data 32 train loss 4.807631731655559 score before 0.5040668845176697 score now 0.13753803074359894
Data 33 train loss 3.6375565212800813 score before 0.686499834060669 score now 0.28369754552841187
Data 34 train loss 5.249702612183217 score before 0.5950717926025391 score now 0.712433934211731
Data 35 train loss 4.284826154164328 score before 0.5503950119018555 score now 0.664652943611145
Data 36 train loss 4.378142184551139 score before 0.6288102865219116 score now 0.17032796144485474
Data 37 train loss 5.081692576917192 score before 0.5824289321899414 score now 0.5135346055030823
Data 38 train loss 5.230838352376283 score before 0.5625115036964417 score now 0.4509904086589813
Data 39 train loss 4.751970845611906 score before 0.4675965905189514 score now 0.1780891865491867
Data 40 train loss 4.898479684962321 score before 0.37602996826171875 score now 0.3589145541191101
Data 41 train loss 4.793166668018211 score before 0.3983551561832428 score now 0.24258452653884888
Data 42 train loss 3.9081093869494845 score before 0.5617995262145996 score now 0.2697111964225769
Data 43 train loss 3.65656630656426 score before 0.48581376671791077 score now 0.7013747096061707
Data 44 train loss 4.149107715225863 score before 0.40642833709716797 score now 0.7636670470237732
Data 45 train loss 5.043319632066595 score before 0.6084710955619812 score now 0.40181711316108704
Data 46 train loss 4.672867949227757 score before 0.6177581548690796 score now 0.502861499786377
Data 47 train loss 5.0896766848635755 score before 0.633734941482544 score now 0.45716285705566406
Data 48 train loss 5.489481305694744 score before 0.646995484828949 score now 0.7193101048469543
Data 49 train loss 5.665511578930765 score before 0.525920569896698 score now 0.2737674117088318
Data 50 train loss 4.365655467992189 score before 0.5246320366859436 score now 0.3987599015235901
Data 51 train loss 3.8063203382870094 score before 0.5526342988014221 score now 0.4911178648471832
Data 52 train loss 3.954634830532778 score before 0.5500525236129761 score now 0.11547546088695526
Data 53 train loss 3.369502178849328 score before 0.5076389908790588 score now 0.32513725757598877
Data 54 train loss 4.8451314252673825 score before 0.6029955148696899 score now 0.5757794380187988
Data 55 train loss 4.377940206703125 score before 0.5775049924850464 score now 0.460114061832428
Data 56 train loss 4.401569960299416 score before 0.4726622402667999 score now 0.4510706067085266
Data 57 train loss 4.250039698481672 score before 0.6209759712219238 score now 0.512145459651947
Data 58 train loss 3.9895012107939882 score before 0.5375072360038757 score now 0.17080576717853546
Data 59 train loss 4.512388735201439 score before 0.4980834424495697 score now 0.560174822807312
Data 60 train loss 4.0511575492735705 score before 0.5417793989181519 score now 0.604446530342102
Data 61 train loss 4.24680111081479 score before 0.5496293306350708 score now 0.4012865126132965
Data 62 train loss 4.692445316617324 score before 0.5780148506164551 score now 0.6215788125991821
Data 63 train loss 4.284055353085357 score before 0.4178076386451721 score now 0.40815025568008423
Data 64 train loss 4.827632090610847 score before 0.6652111411094666 score now 0.4797731935977936
Data 65 train loss 4.874499410370417 score before 0.741472065448761 score now 0.4972783029079437
Data 66 train loss 4.987289388929236 score before 0.48493462800979614 score now 0.3214074969291687
Data 67 train loss 4.751062432310701 score before 0.6370091438293457 score now 0.587567925453186
Data 68 train loss 4.508707878112577 score before 0.5704947710037231 score now 0.16153426468372345
Data 69 train loss 4.119670857102557 score before 0.5601392388343811 score now 0.5005080699920654
Data 70 train loss 5.050163968155268 score before 0.5709968209266663 score now 0.4453412592411041
Data 71 train loss 4.269978821066583 score before 0.5395995378494263 score now 0.7586445808410645
Data 72 train loss 4.742804145985726 score before 0.5296849012374878 score now 0.5254837274551392
Data 73 train loss 4.280192332419025 score before 0.5557149052619934 score now 0.3070322871208191
Data 74 train loss 4.889468643680241 score before 0.5479353666305542 score now 0.4281369149684906
Data 75 train loss 4.09649412957932 score before 0.629968523979187 score now 0.22993242740631104
Data 76 train loss 4.3336436998346795 score before 0.552462100982666 score now 0.6609034538269043
Data 77 train loss 5.197175816236198 score before 0.7394297122955322 score now 0.37303534150123596
Data 78 train loss 4.8490821706728955 score before 0.626598060131073 score now 0.7709439396858215
Data 79 train loss 3.639151065054302 score before 0.4796425700187683 score now 0.3361072838306427
Data 80 train loss 4.848945315100648 score before 0.5723478198051453 score now 0.2639938294887543
Data 81 train loss 4.751018460422212 score before 0.4010630249977112 score now 0.600007951259613
Data 82 train loss 5.425421710884171 score before 0.6672231554985046 score now 0.4544949233531952
Data 83 train loss 3.9774928794788464 score before 0.5997182130813599 score now 0.4757837653160095
Data 84 train loss 4.059176675757454 score before 0.7373664975166321 score now 0.7136707901954651
Data 85 train loss 4.497405900055224 score before 0.5227746367454529 score now 0.5946257710456848
Data 86 train loss 3.9349102067246435 score before 0.5760866403579712 score now 0.6138204336166382
Data 87 train loss 5.130527102077936 score before 0.49309253692626953 score now 0.3172065019607544
Data 88 train loss 5.228170487170393 score before 0.6212855577468872 score now 0.2881440818309784
Data 89 train loss 5.0670586338191015 score before 0.6072071194648743 score now 0.27097925543785095
Data 90 train loss 4.441065418535036 score before 0.5977493524551392 score now 0.6832200884819031
Data 91 train loss 3.8979921708183056 score before 0.5783884525299072 score now 0.5579610466957092
Data 92 train loss 5.381523855855051 score before 0.5937386751174927 score now 0.5280741453170776
Data 93 train loss 4.826235825158375 score before 0.5306787490844727 score now 0.3283313512802124
Data 94 train loss 4.8175565678782855 score before 0.8122296929359436 score now 0.6988939046859741
Data 95 train loss 4.570564984824948 score before 0.5275561213493347 score now 0.7353420853614807
Data 96 train loss 4.462699811925335 score before 0.6547133922576904 score now 0.19461587071418762
Data 97 train loss 5.246709472629458 score before 0.558803915977478 score now 0.5522046089172363
Data 98 train loss 4.547400979184397 score before 0.578726053237915 score now 0.6238032579421997
Data 99 train loss 4.5823154515662345 score before 0.5848543047904968 score now 0.49022144079208374
Data 100 train loss 4.216447489290116 score before 0.534813404083252 score now 0.4553737938404083
Data 101 train loss 5.158839237140586 score before 0.5418036580085754 score now 0.49002864956855774
Data 102 train loss 4.066954982131731 score before 0.6022404432296753 score now 0.6200494766235352
Data 103 train loss 4.6276207571821715 score before 0.5693010687828064 score now 0.3466355502605438
Data 104 train loss 4.269853940802857 score before 0.5704545378684998 score now 0.5383098125457764
Data 105 train loss 4.254363644169022 score before 0.5915587544441223 score now 0.24443723261356354
Data 106 train loss 4.1918821249775915 score before 0.5668038725852966 score now 0.7377235293388367
Data 107 train loss 4.260139567075208 score before 0.7755246162414551 score now 0.28692832589149475
Data 108 train loss 3.877169408846772 score before 0.5628894567489624 score now 0.6433117985725403
Data 109 train loss 4.497908595378066 score before 0.46562981605529785 score now 0.2878238558769226
Data 110 train loss 4.426362927553796 score before 0.599181592464447 score now 0.5376701354980469
Data 111 train loss 5.9752759173996175 score before 0.7043655514717102 score now 0.9143194556236267
Data 112 train loss 5.0257774151610555 score before 0.5627918839454651 score now 0.35008504986763
Data 113 train loss 4.225901905532898 score before 0.5068209171295166 score now 0.4505058526992798
Data 114 train loss 4.347423214216514 score before 0.6358205080032349 score now 0.22847138345241547
Data 115 train loss 4.436212867625878 score before 0.528065025806427 score now 0.10703680664300919
Data 116 train loss 3.908250740991643 score before 0.5727717280387878 score now 0.2495979219675064
Data 117 train loss 3.723135446836675 score before 0.6043601632118225 score now 0.8118801712989807
Data 118 train loss 4.206437011898102 score before 0.4772768020629883 score now 0.2812660336494446
Data 119 train loss 5.6382279115530025 score before 0.557708203792572 score now 0.45012766122817993
Data 120 train loss 5.323684938238816 score before 0.555919885635376 score now 0.5623752474784851
Data 121 train loss 5.205050883784816 score before 0.5578838586807251 score now 0.49394673109054565
Data 122 train loss 4.608035570508983 score before 0.6617037057876587 score now 0.33478212356567383
Data 123 train loss 4.410966467701896 score before 0.4814610779285431 score now 0.6217572689056396
Data 124 train loss 3.8118556993513883 score before 0.6404021382331848 score now 0.37189149856567383
Data 125 train loss 4.482791517831778 score before 0.6410853266716003 score now 0.5831916332244873
Data 126 train loss 4.136924335252407 score before 0.6349725723266602 score now 0.6360868811607361
Data 127 train loss 4.3949115088098685 score before 0.5279383063316345 score now 0.25935614109039307
After max 0.9143194556236267 median 0.4517517685890198

Namespace(Tmax=200, gamma=0.001, interval=200, label=10.0, mode='both', outer_lr=0.001, task='AntMorphology-Exact-v0', topk=128)
weights 0.000100135636 9.959951e-05
Before  max 0.8122296929359436 median 0.5679259896278381

INFO:absl:Unable to initialize backend 'tpu_driver': NOT_FOUND: Unable to find driver in registry given worker: 
INFO:absl:Unable to initialize backend 'gpu': NOT_FOUND: Could not find registered platform with name: "cuda". Available platform names are: Interpreter Host
INFO:absl:Unable to initialize backend 'tpu': INVALID_ARGUMENT: TpuPlatform is not available.
WARNING:absl:No GPU/TPU found, falling back to CPU. (Set TF_CPP_MIN_LOG_LEVEL=0 and rerun for more info.)
Data 0 train loss 34.48699660991033 score before 0.5932115316390991 score now 0.7033253908157349
Data 1 train loss 33.70761694670061 score before 0.5616925954818726 score now 0.8735421299934387
Data 2 train loss 30.19893510939673 score before 0.4564596116542816 score now 0.5747448205947876
Data 3 train loss 34.5855052193764 score before 0.5690482258796692 score now 0.5869171619415283
Data 4 train loss 31.05422873180176 score before 0.7424856424331665 score now 0.8907982110977173
Data 5 train loss 31.957670622129683 score before 0.6040869951248169 score now 0.3427383303642273
Data 6 train loss 33.86668743369626 score before 0.5889557600021362 score now 0.5142980813980103
Data 7 train loss 29.614700956244373 score before 0.7241578698158264 score now 0.724333643913269
Data 8 train loss 34.956483638614024 score before 0.5638613104820251 score now 0.38381296396255493
Data 9 train loss 36.581702951655 score before 0.5313040614128113 score now 0.3501204550266266
Data 10 train loss 33.399744562084216 score before 0.6034418344497681 score now 0.32605820894241333
Data 11 train loss 30.589477993305568 score before 0.5695269107818604 score now 0.496503084897995
Data 12 train loss 29.936439188161753 score before 0.6318920254707336 score now 0.5748209953308105
Data 13 train loss 28.5880880099594 score before 0.5874844789505005 score now 0.9622673988342285
Data 14 train loss 29.699347246199157 score before 0.5277496576309204 score now 0.7293641567230225
Data 15 train loss 36.368640894867724 score before 0.5343262553215027 score now 0.3747895658016205
Data 16 train loss 34.993503734677326 score before 0.5499557852745056 score now 0.6486062407493591
Data 17 train loss 32.18469347901121 score before 0.5384699702262878 score now 0.4076911509037018
Data 18 train loss 33.78241599320447 score before 0.5910041928291321 score now 0.37299785017967224
Data 19 train loss 34.83895750483146 score before 0.5515832304954529 score now 0.7878824472427368
Data 20 train loss 30.51025019997131 score before 0.5627287030220032 score now 0.3386958837509155
Data 21 train loss 33.53147581052943 score before 0.5454713702201843 score now 0.5713415145874023
Data 22 train loss 28.642421327846712 score before 0.3746740520000458 score now 0.1931765377521515
Data 23 train loss 36.870188135873526 score before 0.6649622917175293 score now 0.28963080048561096
Data 24 train loss 35.56044028034626 score before 0.525963544845581 score now 0.4417125880718231
Data 25 train loss 33.21285068363694 score before 0.6067449450492859 score now 0.41246622800827026
Data 26 train loss 30.7335999779227 score before 0.571913480758667 score now 0.7134678363800049
Data 27 train loss 33.64858490222435 score before 0.5204944610595703 score now 0.5784704685211182
Data 28 train loss 32.14637139508914 score before 0.7230395078659058 score now 0.6559189558029175
Data 29 train loss 33.02874498359024 score before 0.5044822096824646 score now 0.14556002616882324
Data 30 train loss 32.00400535457897 score before 0.5653424859046936 score now 0.6886371374130249
Data 31 train loss 31.53134876319663 score before 0.6489720940589905 score now 0.6037718057632446
Data 32 train loss 33.474406790081765 score before 0.5040668845176697 score now 0.5365865230560303
Data 33 train loss 29.93238362387168 score before 0.686499834060669 score now 0.27012449502944946
Data 34 train loss 29.810380280807323 score before 0.5950717926025391 score now 0.9012913703918457
Data 35 train loss 33.44400484058149 score before 0.5503950119018555 score now 0.8511971831321716
Data 36 train loss 33.404085325594075 score before 0.6288102865219116 score now 0.2580461800098419
Data 37 train loss 29.15547632069935 score before 0.5824289321899414 score now 0.7221276760101318
Data 38 train loss 34.07493932059628 score before 0.5625115036964417 score now 0.2622204124927521
Data 39 train loss 33.726337649767295 score before 0.4675965905189514 score now 0.5664241909980774
Data 40 train loss 32.053176588117346 score before 0.37602996826171875 score now 0.41648322343826294
Data 41 train loss 33.96355822975714 score before 0.3983551561832428 score now 0.670638918876648
Data 42 train loss 29.966732999337886 score before 0.5617995262145996 score now 0.6162431836128235
Data 43 train loss 27.93319640244127 score before 0.48581376671791077 score now 0.9140079021453857
Data 44 train loss 34.64871308940804 score before 0.40642833709716797 score now 0.7220021486282349
Data 45 train loss 34.8767798161571 score before 0.6084710955619812 score now 0.5499399900436401
Data 46 train loss 35.485221931719245 score before 0.6177581548690796 score now 0.5959407687187195
Data 47 train loss 34.645342272369305 score before 0.633734941482544 score now 0.4994860589504242
Data 48 train loss 30.250507027132503 score before 0.646995484828949 score now 0.34964483976364136
Data 49 train loss 31.564013158736902 score before 0.525920569896698 score now 0.5048569440841675
Data 50 train loss 34.37143679877518 score before 0.5246320366859436 score now 0.5536124110221863
Data 51 train loss 31.882125040969466 score before 0.5526342988014221 score now 0.33735018968582153
Data 52 train loss 32.33493331254659 score before 0.5500525236129761 score now 0.34659627079963684
Data 53 train loss 33.74220539161736 score before 0.5076389908790588 score now 0.4764021635055542
Data 54 train loss 31.809645676899827 score before 0.6029955148696899 score now 0.4882259666919708
Data 55 train loss 31.85258820544532 score before 0.5775049924850464 score now 0.635813295841217
Data 56 train loss 31.05563528839149 score before 0.4726622402667999 score now 0.5627063512802124
Data 57 train loss 30.12909694735852 score before 0.6209759712219238 score now 0.6048944592475891
Data 58 train loss 31.01474298504235 score before 0.5375072360038757 score now 0.30675649642944336
Data 59 train loss 32.430960665931735 score before 0.4980834424495697 score now 0.656116783618927
Data 60 train loss 30.04762219386843 score before 0.5417793989181519 score now 0.620669960975647
Data 61 train loss 31.07469312839011 score before 0.5496293306350708 score now 0.5781979560852051
Data 62 train loss 31.44197922703233 score before 0.5780148506164551 score now 0.7065388560295105
Data 63 train loss 30.205075476106643 score before 0.4178076386451721 score now 0.39987868070602417
Data 64 train loss 32.86280170975175 score before 0.6652111411094666 score now 0.43445703387260437
Data 65 train loss 31.190512518758513 score before 0.741472065448761 score now 0.598426878452301
Data 66 train loss 31.781357462271867 score before 0.48493462800979614 score now 0.6439804434776306
Data 67 train loss 35.448166279750154 score before 0.6370091438293457 score now 0.5821337699890137
Data 68 train loss 29.653319488386593 score before 0.5704947710037231 score now 0.505143404006958
Data 69 train loss 33.70583065918375 score before 0.5601392388343811 score now 0.29755470156669617
Data 70 train loss 32.88164937541558 score before 0.5709968209266663 score now 0.6703117489814758
Data 71 train loss 28.974325454530184 score before 0.5395995378494263 score now 0.46770521998405457
Data 72 train loss 30.42458029364098 score before 0.5296849012374878 score now 0.6644938588142395
Data 73 train loss 30.665698095611436 score before 0.5557149052619934 score now 0.6978700757026672
Data 74 train loss 33.78429016357829 score before 0.5479353666305542 score now 0.5378265976905823
Data 75 train loss 32.62368773918135 score before 0.629968523979187 score now 0.6137058138847351
Data 76 train loss 32.40474139060681 score before 0.552462100982666 score now 0.403041809797287
Data 77 train loss 31.957580430958316 score before 0.7394297122955322 score now 0.791778564453125
Data 78 train loss 31.880891607511376 score before 0.626598060131073 score now 0.6314942836761475
Data 79 train loss 31.136039253204615 score before 0.4796425700187683 score now 0.5894749164581299
Data 80 train loss 29.107670811422445 score before 0.5723478198051453 score now 0.37035036087036133
Data 81 train loss 31.03048392121383 score before 0.4010630249977112 score now 0.37846890091896057
Data 82 train loss 30.79899295599941 score before 0.6672231554985046 score now 0.6612039804458618
Data 83 train loss 30.02716873999133 score before 0.5997182130813599 score now 0.5938464403152466
Data 84 train loss 27.777316934747557 score before 0.7373664975166321 score now 0.726778507232666
Data 85 train loss 33.73218435929142 score before 0.5227746367454529 score now 0.5781328082084656
Data 86 train loss 32.30177897710168 score before 0.5760866403579712 score now 0.5834268927574158
Data 87 train loss 33.29545824460863 score before 0.49309253692626953 score now 0.4086824655532837
Data 88 train loss 36.68057406912271 score before 0.6212855577468872 score now 0.6962598562240601
Data 89 train loss 37.50311853136574 score before 0.6072071194648743 score now 0.44718530774116516
Data 90 train loss 33.33018319638739 score before 0.5977493524551392 score now 0.7507480978965759
Data 91 train loss 34.91020794557177 score before 0.5783884525299072 score now 0.5759944915771484
Data 92 train loss 30.851344908715113 score before 0.5937386751174927 score now 0.6818711757659912
Data 93 train loss 34.520967097078774 score before 0.5306787490844727 score now 0.4146549105644226
Data 94 train loss 35.50995056703308 score before 0.8122296929359436 score now 0.6083796620368958
Data 95 train loss 30.038704830934673 score before 0.5275561213493347 score now 0.7452178001403809
Data 96 train loss 31.556768165798353 score before 0.6547133922576904 score now 0.7485870122909546
Data 97 train loss 33.11923739287208 score before 0.558803915977478 score now 0.5594101548194885
Data 98 train loss 33.4861791454947 score before 0.578726053237915 score now 0.2804950773715973
Data 99 train loss 32.654066086133966 score before 0.5848543047904968 score now 0.7237478494644165
Data 100 train loss 32.08269183920786 score before 0.534813404083252 score now 0.367719441652298
Data 101 train loss 32.17439249045668 score before 0.5418036580085754 score now 0.37426143884658813
Data 102 train loss 36.10383281032372 score before 0.6022404432296753 score now 0.49211716651916504
Data 103 train loss 33.77426233498903 score before 0.5693010687828064 score now 0.5290206074714661
Data 104 train loss 30.247134870090967 score before 0.5704545378684998 score now 0.2927631139755249
Data 105 train loss 31.144894200479094 score before 0.5915587544441223 score now 0.7618364691734314
Data 106 train loss 31.792580616405253 score before 0.5668038725852966 score now 0.47368156909942627
Data 107 train loss 28.57695411821521 score before 0.7755246162414551 score now 0.717443585395813
Data 108 train loss 31.169886135734057 score before 0.5628894567489624 score now 0.4548369348049164
Data 109 train loss 31.989186731666138 score before 0.46562981605529785 score now 0.3392501175403595
Data 110 train loss 31.09651489411675 score before 0.599181592464447 score now 0.6007943153381348
Data 111 train loss 31.17632270831327 score before 0.7043655514717102 score now 0.6668402552604675
Data 112 train loss 35.60992375377384 score before 0.5627918839454651 score now 0.45775020122528076
Data 113 train loss 36.986432133294976 score before 0.5068209171295166 score now 0.5035206079483032
Data 114 train loss 33.963673876356225 score before 0.6358205080032349 score now 0.5187522172927856
Data 115 train loss 32.54075357590861 score before 0.528065025806427 score now 0.4896794557571411
Data 116 train loss 31.280398008181493 score before 0.5727717280387878 score now 0.2960475981235504
Data 117 train loss 27.571838172370324 score before 0.6043601632118225 score now 0.5432654619216919
Data 118 train loss 29.106019716848966 score before 0.4772768020629883 score now 0.7273790240287781
Data 119 train loss 29.3455979474631 score before 0.557708203792572 score now 0.632413923740387
Data 120 train loss 34.49067744885642 score before 0.555919885635376 score now 0.2024693340063095
Data 121 train loss 31.795178244041182 score before 0.5578838586807251 score now 0.2863067388534546
Data 122 train loss 36.85807781972716 score before 0.6617037057876587 score now 0.5328457951545715
Data 123 train loss 28.36642469592211 score before 0.4814610779285431 score now 0.7331661581993103
Data 124 train loss 34.46503807966232 score before 0.6404021382331848 score now 0.5853585004806519
Data 125 train loss 32.26133573904608 score before 0.6410853266716003 score now 0.6711373925209045
Data 126 train loss 27.64288868045335 score before 0.6349725723266602 score now 0.7635735273361206
Data 127 train loss 36.439893723892474 score before 0.5279383063316345 score now 0.5330062508583069
After max 0.9622673988342285 median 0.5688828825950623

